<tal:block tal:define="
    tableName string:ipslamosreport;
    tm here/ZenTableManager;
    tableState python:tm.getTableState(tableName, sortedHeader='MOS',
                                           sortedSence='asc');

    sts python:here.ZenTableManager.setReqTableState;
    zem python:here.dmd.ZenEventManager;
    startDate python:sts(tableName, 'startDate', 
                         zem.defaultAvailabilityStart());
    endDate python:sts(tableName, 'endDate', 
                       zem.defaultAvailabilityEnd());
    how python:sts(tableName, 'how', 'AVERAGE');
    summaryOptions python:('AVERAGE', 'MAXIMUM', 'MINIMUM', 'LAST');
    deviceClass python:sts(tableName, 'deviceClass', '/');
    deviceFilter python:sts(tableName, 'deviceFilter', '');

    objects python:here.ReportServer.plugin('ipSLAmos', tableState);
    objects python: (hasattr(request, 'doExport') and list(objects)) or objects;
    exportFields python:['deviceName', 'SLA', 'MOS'];
    batch python:here.ZenTableManager.getBatch(tableName,objects,sortedHeader='MOS', sortedSence='asc');
	">
<tal:block metal:use-macro="here/reportMacros/macros/exportableReport">
<tal:block metal:fill-slot="report">

<tal:block metal:use-macro="here/templates/macros/page1">
<tal:block metal:fill-slot="breadCrumbPane">
    <span metal:use-macro="here/miscmacros/macros/reportBreadCrumbsList"/>
</tal:block>
<tal:block metal:fill-slot="contentPane">

<tal:block metal:use-macro="here/reportMacros/macros/utilizationForm"/>


<form method="POST" tal:attributes="action request/URL"
			tal:define="tabletitle string:ipSLA Mean Opinion Score;
                        showfilterbox python:True;
						tblcolspan string:3">
<tal:block metal:use-macro="here/zenuimacros/macros/zentable">
<tal:block metal:fill-slot="zentablecontents">

    <tr>
        <th tal:replace="structure python:here.ZenTableManager.getTableHeader(
                            tableName,'deviceName','Device')"/>
        <th tal:replace="structure python:here.ZenTableManager.getTableHeader(
                            tableName,'SLA','SLA')"/>
        <th tal:replace="structure python:here.ZenTableManager.getTableHeader(
                            tableName,'MOS','MOS')"/>
    </tr>
    <tal:block tal:repeat="r batch">
        <tr tal:define="odd repeat/r/odd"
            tal:attributes="class python:test(odd,'odd','even')">
           <td><a tal:attributes="href python:r.device.getPrimaryUrlPath()+'/ipSLAipSlaDevice'"
                  tal:content="python:r.deviceName"/></td>
           <td><a tal:attributes="href python: r.component.getPrimaryUrlPath()"
                  tal:content="python: r.SLA"/></td>
           <td tal:content="python: round(r.MOS, 2)"/>
        </tr>
    </tal:block>
    <tr>
        <td colspan="3" class="tableheader" align='center'>
        <form metal:use-macro="here/zenTableNavigation/macros/navtool"/>
        </td>
    </tr>

</tal:block>
</tal:block>
</form>

</tal:block>
</tal:block>

</tal:block>
</tal:block>
</tal:block>
